Using pre-set license
Built from '2022.3/staging' branch; Version is '2022.3.53f1 (df4e529d20d3) revision 14634578'; Using compiler version '192829333'; Build Type 'Release'
OS: 'Windows 10  (10.0.19045) 64bit Core' Language: 'ko' Physical Memory: 32581 MB
BatchMode: 1, IsHumanControllingUs: 0, StartBugReporterOnCrash: 0, Is64bit: 1, IsPro: 1

COMMAND LINE ARGUMENTS:
C:\Program Files\Unity\Hub\Editor\2022.3.53f1\Editor\Unity.exe
-adb2
-batchMode
-noUpm
-name
AssetImportWorker2
-projectPath
C:/Users/user/OneDrive/문서/GitHub/CapstoneDesign
-logFile
Logs/AssetImportWorker2.log
-srvPort
62773
Successfully changed project path to: C:/Users/user/OneDrive/문서/GitHub/CapstoneDesign
C:/Users/user/OneDrive/문서/GitHub/CapstoneDesign
[UnityMemory] Configuration Parameters - Can be set up in boot.config
    "memorysetup-bucket-allocator-granularity=16"
    "memorysetup-bucket-allocator-bucket-count=8"
    "memorysetup-bucket-allocator-block-size=33554432"
    "memorysetup-bucket-allocator-block-count=8"
    "memorysetup-main-allocator-block-size=16777216"
    "memorysetup-thread-allocator-block-size=16777216"
    "memorysetup-gfx-main-allocator-block-size=16777216"
    "memorysetup-gfx-thread-allocator-block-size=16777216"
    "memorysetup-cache-allocator-block-size=4194304"
    "memorysetup-typetree-allocator-block-size=2097152"
    "memorysetup-profiler-bucket-allocator-granularity=16"
    "memorysetup-profiler-bucket-allocator-bucket-count=8"
    "memorysetup-profiler-bucket-allocator-block-size=33554432"
    "memorysetup-profiler-bucket-allocator-block-count=8"
    "memorysetup-profiler-allocator-block-size=16777216"
    "memorysetup-profiler-editor-allocator-block-size=1048576"
    "memorysetup-temp-allocator-size-main=16777216"
    "memorysetup-job-temp-allocator-block-size=2097152"
    "memorysetup-job-temp-allocator-block-size-background=1048576"
    "memorysetup-job-temp-allocator-reduction-small-platforms=262144"
    "memorysetup-allocator-temp-initial-block-size-main=262144"
    "memorysetup-allocator-temp-initial-block-size-worker=262144"
    "memorysetup-temp-allocator-size-background-worker=32768"
    "memorysetup-temp-allocator-size-job-worker=262144"
    "memorysetup-temp-allocator-size-preload-manager=33554432"
    "memorysetup-temp-allocator-size-nav-mesh-worker=65536"
    "memorysetup-temp-allocator-size-audio-worker=65536"
    "memorysetup-temp-allocator-size-cloud-worker=32768"
    "memorysetup-temp-allocator-size-gi-baking-worker=262144"
    "memorysetup-temp-allocator-size-gfx=262144"
Player connection [28380]  Target information:

Player connection [28380]  * "[IP] 59.31.166.36 [Port] 0 [Flags] 2 [Guid] 4152747972 [EditorId] 4152747972 [Version] 1048832 [Id] WindowsEditor(7,DESKTOP-19EOPMA) [Debug] 1 [PackageName] WindowsEditor [ProjectName] Editor" 

Player connection [28380] Host joined multi-casting on [225.0.0.222:54997]...
Player connection [28380] Host joined alternative multi-casting on [225.0.0.222:34997]...
[PhysX] Initialized MultithreadedTaskDispatcher with 16 workers.
Refreshing native plugins compatible for Editor in 7.45 ms, found 3 plugins.
Preloading 0 native plugins for Editor in 0.00 ms.
Initialize engine version: 2022.3.53f1 (df4e529d20d3)
[Subsystems] Discovering subsystems at path C:/Program Files/Unity/Hub/Editor/2022.3.53f1/Editor/Data/Resources/UnitySubsystems
[Subsystems] Discovering subsystems at path C:/Users/user/OneDrive/문서/GitHub/CapstoneDesign/Assets
GfxDevice: creating device client; threaded=0; jobified=0
Direct3D:
    Version:  Direct3D 11.0 [level 11.1]
    Renderer: NVIDIA GeForce RTX 3060 Ti (ID=0x24c9)
    Vendor:   NVIDIA
    VRAM:     8024 MB
    Driver:   32.0.15.6094
Initialize mono
Mono path[0] = 'C:/Program Files/Unity/Hub/Editor/2022.3.53f1/Editor/Data/Managed'
Mono path[1] = 'C:/Program Files/Unity/Hub/Editor/2022.3.53f1/Editor/Data/MonoBleedingEdge/lib/mono/unityjit-win32'
Mono config path = 'C:/Program Files/Unity/Hub/Editor/2022.3.53f1/Editor/Data/MonoBleedingEdge/etc'
Using monoOptions --debugger-agent=transport=dt_socket,embedding=1,server=y,suspend=n,address=127.0.0.1:56752
Begin MonoManager ReloadAssembly
Registering precompiled unity dll's ...
Register platform support module: C:/Program Files/Unity/Hub/Editor/2022.3.53f1/Editor/Data/PlaybackEngines/AndroidPlayer/UnityEditor.Android.Extensions.dll
Register platform support module: C:/Program Files/Unity/Hub/Editor/2022.3.53f1/Editor/Data/PlaybackEngines/WindowsStandaloneSupport/UnityEditor.WindowsStandalone.Extensions.dll
Registered in 0.007754 seconds.
- Loaded All Assemblies, in  0.272 seconds
Native extension for WindowsStandalone target not found
Native extension for Android target not found
Android Extension - Scanning For ADB Devices 194 ms
Mono: successfully reloaded assembly
- Finished resetting the current domain, in  0.425 seconds
Domain Reload Profiling: 696ms
	BeginReloadAssembly (83ms)
		ExecutionOrderSort (0ms)
		DisableScriptedObjects (0ms)
		BackupInstance (0ms)
		ReleaseScriptingObjects (0ms)
		CreateAndSetChildDomain (1ms)
	RebuildCommonClasses (23ms)
	RebuildNativeTypeToScriptingClass (8ms)
	initialDomainReloadingComplete (47ms)
	LoadAllAssembliesAndSetupDomain (109ms)
		LoadAssemblies (82ms)
		RebuildTransferFunctionScriptingTraits (0ms)
		AnalyzeDomain (107ms)
			TypeCache.Refresh (106ms)
				TypeCache.ScanAssembly (96ms)
			ScanForSourceGeneratedMonoScriptInfo (0ms)
			ResolveRequiredComponents (0ms)
	FinalizeReload (425ms)
		ReleaseScriptCaches (0ms)
		RebuildScriptCaches (0ms)
		SetupLoadedEditorAssemblies (391ms)
			LogAssemblyErrors (0ms)
			InitializePlatformSupportModulesInManaged (259ms)
			SetLoadedEditorAssemblies (4ms)
			RefreshPlugins (0ms)
			BeforeProcessingInitializeOnLoad (2ms)
			ProcessInitializeOnLoadAttributes (92ms)
			ProcessInitializeOnLoadMethodAttributes (34ms)
			AfterProcessingInitializeOnLoad (0ms)
			EditorAssembliesLoaded (0ms)
		ExecutionOrderSort2 (0ms)
		AwakeInstancesAfterBackupRestoration (0ms)
========================================================================
Worker process is ready to serve import requests
Caller must complete domain reload
Begin MonoManager ReloadAssembly
- Loaded All Assemblies, in  0.516 seconds
Native extension for WindowsStandalone target not found
Native extension for Android target not found
Mono: successfully reloaded assembly
- Finished resetting the current domain, in  0.621 seconds
Domain Reload Profiling: 1135ms
	BeginReloadAssembly (111ms)
		ExecutionOrderSort (0ms)
		DisableScriptedObjects (4ms)
		BackupInstance (0ms)
		ReleaseScriptingObjects (0ms)
		CreateAndSetChildDomain (16ms)
	RebuildCommonClasses (26ms)
	RebuildNativeTypeToScriptingClass (7ms)
	initialDomainReloadingComplete (31ms)
	LoadAllAssembliesAndSetupDomain (339ms)
		LoadAssemblies (263ms)
		RebuildTransferFunctionScriptingTraits (0ms)
		AnalyzeDomain (141ms)
			TypeCache.Refresh (124ms)
				TypeCache.ScanAssembly (112ms)
			ScanForSourceGeneratedMonoScriptInfo (12ms)
			ResolveRequiredComponents (4ms)
	FinalizeReload (622ms)
		ReleaseScriptCaches (0ms)
		RebuildScriptCaches (0ms)
		SetupLoadedEditorAssemblies (512ms)
			LogAssemblyErrors (0ms)
			InitializePlatformSupportModulesInManaged (15ms)
			SetLoadedEditorAssemblies (5ms)
			RefreshPlugins (0ms)
			BeforeProcessingInitializeOnLoad (77ms)
			ProcessInitializeOnLoadAttributes (347ms)
			ProcessInitializeOnLoadMethodAttributes (60ms)
			AfterProcessingInitializeOnLoad (8ms)
			EditorAssembliesLoaded (0ms)
		ExecutionOrderSort2 (0ms)
		AwakeInstancesAfterBackupRestoration (4ms)
Launched and connected shader compiler UnityShaderCompiler.exe after 0.03 seconds
Refreshing native plugins compatible for Editor in 2.91 ms, found 3 plugins.
Preloading 0 native plugins for Editor in 0.00 ms.
Unloading 3473 Unused Serialized files (Serialized files now loaded: 0)
Unloading 45 unused Assets / (1.9 MB). Loaded Objects now: 3933.
Memory consumption went from 147.3 MB to 145.5 MB.
Total: 2.251300 ms (FindLiveObjects: 0.158900 ms CreateObjectMapping: 0.069800 ms MarkObjects: 1.794400 ms  DeleteObjects: 0.227600 ms)

AssetImportParameters requested are different than current active one (requested -> active):
  custom:container-demuxer-ogg: 62fdf1f143b41e24485cea50d1cbac27 -> 
  custom:video-decoder-ogg-theora: a1e56fd34408186e4bbccfd4996cb3dc -> 
  custom:framework-win-MediaFoundation: 216162199b28c13a410421893ffa2e32 -> 
  custom:CustomObjectIndexerAttribute: 9a22284fe3817be447336de3de66b15e -> 
  custom:container-demuxer-webm: 4f35f7cbe854078d1ac9338744f61a02 -> 
  custom:container-muxer-webm: aa71ff27fc2769a1b78a27578f13a17b -> 
  custom:video-decoder-webm-vp8: 9c59270c3fd7afecdb556c50c9e8de78 -> 
  custom:SearchIndexIgnoredProperties: e643bd26f0fe6173181afceb89e7c659 -> 
  custom:AudioImporter_EditorPlatform: d09bf68614088b80899f8185d706f6e7 -> 
  custom:video-encoder-webm-vp8: eb34c28f22e8b96e1ab97ce403110664 -> 
  custom:audio-decoder-ogg-vorbis: bf7c407c2cedff20999df2af8eb42d56 -> 
  custom:audio-encoder-webm-vorbis: bf7c407c2cedff20999df2af8eb42d56 -> 
========================================================================
Received Import Request.
  Time since last request: 27836.124554 seconds.
  path: Assets/Animations/Animations/Movment Animations/firing rifle.fbx
  artifactKey: Guid(2fbbb89cbf4960145921f7d85cb9e50d) Importer(815301076,1909f56bfc062723c751e8b465ee728b)
Start importing Assets/Animations/Animations/Movment Animations/firing rifle.fbx using Guid(2fbbb89cbf4960145921f7d85cb9e50d) Importer(815301076,1909f56bfc062723c751e8b465ee728b) [PhysX] Initialized MultithreadedTaskDispatcher with 16 workers.
 -> (artifact id: 'f2a57dcc17aae44f8717e133980c48b7') in 0.024670 seconds
Number of updated asset objects reloaded before import = 0
Number of asset objects unloaded after import = 137
========================================================================
Received Import Request.
  Time since last request: 25.395784 seconds.
  path: Assets/Animations/Animations/Movment Animations/firing rifle.fbx
  artifactKey: Guid(2fbbb89cbf4960145921f7d85cb9e50d) Importer(815301076,1909f56bfc062723c751e8b465ee728b)
Start importing Assets/Animations/Animations/Movment Animations/firing rifle.fbx using Guid(2fbbb89cbf4960145921f7d85cb9e50d) Importer(815301076,1909f56bfc062723c751e8b465ee728b) [PhysX] Initialized MultithreadedTaskDispatcher with 16 workers.
 -> (artifact id: '445cdf2ef471c66317cacac63fe86a97') in 0.002802 seconds
Number of updated asset objects reloaded before import = 0
Number of asset objects unloaded after import = 137
========================================================================
Received Import Request.
  Time since last request: 2.362581 seconds.
  path: Assets/Animations/Animations/Movment Animations/firing rifleAvatar.asset
  artifactKey: Guid(25f18e99a14a20f449c1d1e1bf2c3e65) Importer(815301076,1909f56bfc062723c751e8b465ee728b)
Start importing Assets/Animations/Animations/Movment Animations/firing rifleAvatar.asset using Guid(25f18e99a14a20f449c1d1e1bf2c3e65) Importer(815301076,1909f56bfc062723c751e8b465ee728b) [PhysX] Initialized MultithreadedTaskDispatcher with 16 workers.
 -> (artifact id: 'd458fd583eef3f51b4b4ee5b6c4e9b49') in 0.001716 seconds
Number of updated asset objects reloaded before import = 0
Number of asset objects unloaded after import = 1
========================================================================
Received Import Request.
  Time since last request: 54.945717 seconds.
  path: Assets/Animations/Animations/Movment Animations/firing rifle.fbx
  artifactKey: Guid(2fbbb89cbf4960145921f7d85cb9e50d) Importer(815301076,1909f56bfc062723c751e8b465ee728b)
Start importing Assets/Animations/Animations/Movment Animations/firing rifle.fbx using Guid(2fbbb89cbf4960145921f7d85cb9e50d) Importer(815301076,1909f56bfc062723c751e8b465ee728b) [PhysX] Initialized MultithreadedTaskDispatcher with 16 workers.
 -> (artifact id: '446b1367037be8539e0387023f9e17b5') in 0.003767 seconds
Number of updated asset objects reloaded before import = 0
Number of asset objects unloaded after import = 135
========================================================================
Received Import Request.
  Time since last request: 11.078255 seconds.
  path: Assets/Animations/Animations/Movment Animations/firing rifle.fbx
  artifactKey: Guid(2fbbb89cbf4960145921f7d85cb9e50d) Importer(815301076,1909f56bfc062723c751e8b465ee728b)
Start importing Assets/Animations/Animations/Movment Animations/firing rifle.fbx using Guid(2fbbb89cbf4960145921f7d85cb9e50d) Importer(815301076,1909f56bfc062723c751e8b465ee728b) [PhysX] Initialized MultithreadedTaskDispatcher with 16 workers.
 -> (artifact id: 'fa8bc7c6a855d2854fe7e0bbad8ec82e') in 0.002998 seconds
Number of updated asset objects reloaded before import = 0
Number of asset objects unloaded after import = 137
========================================================================
Received Import Request.
  Time since last request: 11.904324 seconds.
  path: Assets/Animations/Animations/Movment Animations/Humanoid Firing Rifle.anim
  artifactKey: Guid(d8f15d337c1ef834fa5fe9fef31f570c) Importer(815301076,1909f56bfc062723c751e8b465ee728b)
Start importing Assets/Animations/Animations/Movment Animations/Humanoid Firing Rifle.anim using Guid(d8f15d337c1ef834fa5fe9fef31f570c) Importer(815301076,1909f56bfc062723c751e8b465ee728b) [PhysX] Initialized MultithreadedTaskDispatcher with 16 workers.
 -> (artifact id: '19e14538c28a1e55a79bd00f49251f27') in 0.002571 seconds
Number of updated asset objects reloaded before import = 0
Number of asset objects unloaded after import = 1
========================================================================
Received Import Request.
  Time since last request: 32.496173 seconds.
  path: Assets/Animations/Animations/Movment Animations/hit reaction.fbx
  artifactKey: Guid(59b70353288f4244282e967475e26d58) Importer(815301076,1909f56bfc062723c751e8b465ee728b)
Start importing Assets/Animations/Animations/Movment Animations/hit reaction.fbx using Guid(59b70353288f4244282e967475e26d58) Importer(815301076,1909f56bfc062723c751e8b465ee728b) [PhysX] Initialized MultithreadedTaskDispatcher with 16 workers.
 -> (artifact id: '66ad569f0a8e0e536c1a3de72cc4e8cd') in 0.003166 seconds
Number of updated asset objects reloaded before import = 0
Number of asset objects unloaded after import = 137
========================================================================
Received Import Request.
  Time since last request: 4.973700 seconds.
  path: Assets/Animations/Animations/Movment Animations/Humanoid Hit Reaction.anim
  artifactKey: Guid(caaf1a5ccfd7e624f8d96879e2ad2543) Importer(815301076,1909f56bfc062723c751e8b465ee728b)
Start importing Assets/Animations/Animations/Movment Animations/Humanoid Hit Reaction.anim using Guid(caaf1a5ccfd7e624f8d96879e2ad2543) Importer(815301076,1909f56bfc062723c751e8b465ee728b) [PhysX] Initialized MultithreadedTaskDispatcher with 16 workers.
 -> (artifact id: '80d55abfc825f967edf26fb0b71b292a') in 0.003085 seconds
Number of updated asset objects reloaded before import = 0
Number of asset objects unloaded after import = 1
========================================================================
Received Import Request.
  Time since last request: 15.183573 seconds.
  path: Assets/Animations/Animations/Movment Animations/reloading.fbx
  artifactKey: Guid(cc99dcdd73dc5ba43aa6bbcc88e4199d) Importer(815301076,1909f56bfc062723c751e8b465ee728b)
Start importing Assets/Animations/Animations/Movment Animations/reloading.fbx using Guid(cc99dcdd73dc5ba43aa6bbcc88e4199d) Importer(815301076,1909f56bfc062723c751e8b465ee728b) [PhysX] Initialized MultithreadedTaskDispatcher with 16 workers.
 -> (artifact id: '7acf3b98b4525b4c42a5c807dc351f01') in 0.003596 seconds
Number of updated asset objects reloaded before import = 0
Number of asset objects unloaded after import = 137
========================================================================
Received Import Request.
  Time since last request: 16.527594 seconds.
  path: Assets/Animations/Animations/Movment Animations/reloading.fbx
  artifactKey: Guid(cc99dcdd73dc5ba43aa6bbcc88e4199d) Importer(815301076,1909f56bfc062723c751e8b465ee728b)
Start importing Assets/Animations/Animations/Movment Animations/reloading.fbx using Guid(cc99dcdd73dc5ba43aa6bbcc88e4199d) Importer(815301076,1909f56bfc062723c751e8b465ee728b) [PhysX] Initialized MultithreadedTaskDispatcher with 16 workers.
 -> (artifact id: 'df6f5ee7f8f84cbfd38f74941b6285da') in 0.003251 seconds
Number of updated asset objects reloaded before import = 0
Number of asset objects unloaded after import = 137
========================================================================
Received Import Request.
  Time since last request: 1.865263 seconds.
  path: Assets/Animations/Animations/Movment Animations/Humanoid Reloading.anim
  artifactKey: Guid(ec8e7a18de675cc45b59d449652a14fe) Importer(815301076,1909f56bfc062723c751e8b465ee728b)
Start importing Assets/Animations/Animations/Movment Animations/Humanoid Reloading.anim using Guid(ec8e7a18de675cc45b59d449652a14fe) Importer(815301076,1909f56bfc062723c751e8b465ee728b) [PhysX] Initialized MultithreadedTaskDispatcher with 16 workers.
 -> (artifact id: '0d6f676a3c61bedde7d9a0f51946e71d') in 0.012445 seconds
Number of updated asset objects reloaded before import = 0
Number of asset objects unloaded after import = 1
========================================================================
Received Import Request.
  Time since last request: 8.789734 seconds.
  path: Assets/Animations/Animations/Movment Animations/rifle aiming idle.fbx
  artifactKey: Guid(f9a773bc3c7e04e478cbdafec9de8bd4) Importer(815301076,1909f56bfc062723c751e8b465ee728b)
Start importing Assets/Animations/Animations/Movment Animations/rifle aiming idle.fbx using Guid(f9a773bc3c7e04e478cbdafec9de8bd4) Importer(815301076,1909f56bfc062723c751e8b465ee728b) [PhysX] Initialized MultithreadedTaskDispatcher with 16 workers.
 -> (artifact id: 'caa9063ca49705a4923e7d5e3570a5f6') in 0.002980 seconds
Number of updated asset objects reloaded before import = 0
Number of asset objects unloaded after import = 137
========================================================================
Received Import Request.
  Time since last request: 42.611240 seconds.
  path: Assets/Animations/Animations/Movment Animations/rifle aiming idle.fbx
  artifactKey: Guid(f9a773bc3c7e04e478cbdafec9de8bd4) Importer(815301076,1909f56bfc062723c751e8b465ee728b)
Start importing Assets/Animations/Animations/Movment Animations/rifle aiming idle.fbx using Guid(f9a773bc3c7e04e478cbdafec9de8bd4) Importer(815301076,1909f56bfc062723c751e8b465ee728b) [PhysX] Initialized MultithreadedTaskDispatcher with 16 workers.
 -> (artifact id: '21f15da584a49131c895f2a7d02fda56') in 0.002878 seconds
Number of updated asset objects reloaded before import = 0
Number of asset objects unloaded after import = 137
========================================================================
Received Import Request.
  Time since last request: 1.419818 seconds.
  path: Assets/Animations/Animations/Movment Animations/Humanoid Rifle Aiming.anim
  artifactKey: Guid(5945b32f5a9270a44970425545746090) Importer(815301076,1909f56bfc062723c751e8b465ee728b)
Start importing Assets/Animations/Animations/Movment Animations/Humanoid Rifle Aiming.anim using Guid(5945b32f5a9270a44970425545746090) Importer(815301076,1909f56bfc062723c751e8b465ee728b) [PhysX] Initialized MultithreadedTaskDispatcher with 16 workers.
 -> (artifact id: '55538718703fe5753ccb68ac9d20f106') in 0.003822 seconds
Number of updated asset objects reloaded before import = 0
Number of asset objects unloaded after import = 1
========================================================================
Received Import Request.
  Time since last request: 23.579805 seconds.
  path: Assets/Animations/Animations/Movment Animations/rifle jump.fbx
  artifactKey: Guid(8c60928191fb29246a0e750230039c60) Importer(815301076,1909f56bfc062723c751e8b465ee728b)
Start importing Assets/Animations/Animations/Movment Animations/rifle jump.fbx using Guid(8c60928191fb29246a0e750230039c60) Importer(815301076,1909f56bfc062723c751e8b465ee728b) [PhysX] Initialized MultithreadedTaskDispatcher with 16 workers.
 -> (artifact id: '9be6ef077551ff7c69d0332ff358d83a') in 0.002937 seconds
Number of updated asset objects reloaded before import = 0
Number of asset objects unloaded after import = 137
========================================================================
Received Import Request.
  Time since last request: 30.113958 seconds.
  path: Assets/Animations/Animations/Movment Animations/rifle jump.fbx
  artifactKey: Guid(8c60928191fb29246a0e750230039c60) Importer(815301076,1909f56bfc062723c751e8b465ee728b)
Start importing Assets/Animations/Animations/Movment Animations/rifle jump.fbx using Guid(8c60928191fb29246a0e750230039c60) Importer(815301076,1909f56bfc062723c751e8b465ee728b) [PhysX] Initialized MultithreadedTaskDispatcher with 16 workers.
 -> (artifact id: 'f8ba91911808e1bc5ffad9b6c28f4428') in 0.002820 seconds
Number of updated asset objects reloaded before import = 0
Number of asset objects unloaded after import = 137
========================================================================
Received Import Request.
  Time since last request: 39.066280 seconds.
  path: Assets/Animations/Animations/Movment Animations/Humanoid Rifle Jump.anim
  artifactKey: Guid(bde31981fc72e3943a4b757f2d69dd0a) Importer(815301076,1909f56bfc062723c751e8b465ee728b)
Start importing Assets/Animations/Animations/Movment Animations/Humanoid Rifle Jump.anim using Guid(bde31981fc72e3943a4b757f2d69dd0a) Importer(815301076,1909f56bfc062723c751e8b465ee728b) [PhysX] Initialized MultithreadedTaskDispatcher with 16 workers.
 -> (artifact id: '2e1ed5e8c5b4f2c4e5b4855d622bc65f') in 0.003694 seconds
Number of updated asset objects reloaded before import = 0
Number of asset objects unloaded after import = 1
========================================================================
Received Import Request.
  Time since last request: 14.332677 seconds.
  path: Assets/Animations/Animations/Movment Animations/rifle run.fbx
  artifactKey: Guid(35d23b12cea7f4f40bfc17db2d1ee024) Importer(815301076,1909f56bfc062723c751e8b465ee728b)
Start importing Assets/Animations/Animations/Movment Animations/rifle run.fbx using Guid(35d23b12cea7f4f40bfc17db2d1ee024) Importer(815301076,1909f56bfc062723c751e8b465ee728b) [PhysX] Initialized MultithreadedTaskDispatcher with 16 workers.
 -> (artifact id: '3b2d35d8b11a12e65166e1f6bf857ff9') in 0.003011 seconds
Number of updated asset objects reloaded before import = 0
Number of asset objects unloaded after import = 137
========================================================================
Received Import Request.
  Time since last request: 14.226329 seconds.
  path: Assets/Animations/Animations/Movment Animations/rifle run.fbx
  artifactKey: Guid(35d23b12cea7f4f40bfc17db2d1ee024) Importer(815301076,1909f56bfc062723c751e8b465ee728b)
Start importing Assets/Animations/Animations/Movment Animations/rifle run.fbx using Guid(35d23b12cea7f4f40bfc17db2d1ee024) Importer(815301076,1909f56bfc062723c751e8b465ee728b) [PhysX] Initialized MultithreadedTaskDispatcher with 16 workers.
 -> (artifact id: '6382e704a5427e9dd8e9fa0f18b2c7ff') in 0.003019 seconds
Number of updated asset objects reloaded before import = 0
Number of asset objects unloaded after import = 137
========================================================================
Received Import Request.
  Time since last request: 1.265628 seconds.
  path: Assets/Animations/Animations/Movment Animations/Humanoid Rifle Run.anim
  artifactKey: Guid(875d612c1e40e304bbdcd3b204b65c29) Importer(815301076,1909f56bfc062723c751e8b465ee728b)
Start importing Assets/Animations/Animations/Movment Animations/Humanoid Rifle Run.anim using Guid(875d612c1e40e304bbdcd3b204b65c29) Importer(815301076,1909f56bfc062723c751e8b465ee728b) [PhysX] Initialized MultithreadedTaskDispatcher with 16 workers.
 -> (artifact id: 'e4f2715b01b692f5e43450ebc633a005') in 0.004558 seconds
Number of updated asset objects reloaded before import = 0
Number of asset objects unloaded after import = 1
========================================================================
Received Import Request.
  Time since last request: 36.932867 seconds.
  path: Assets/Animations/Animations/Movment Animations/run backwards.fbx
  artifactKey: Guid(154eab61015a66e4681c692058ec7e7c) Importer(815301076,1909f56bfc062723c751e8b465ee728b)
Start importing Assets/Animations/Animations/Movment Animations/run backwards.fbx using Guid(154eab61015a66e4681c692058ec7e7c) Importer(815301076,1909f56bfc062723c751e8b465ee728b) [PhysX] Initialized MultithreadedTaskDispatcher with 16 workers.
 -> (artifact id: '17e4ff2c84faabba12c7ecc00937778e') in 0.003035 seconds
Number of updated asset objects reloaded before import = 0
Number of asset objects unloaded after import = 137
========================================================================
Received Import Request.
  Time since last request: 39.534640 seconds.
  path: Assets/Animations/Animations/Movment Animations/run backwards.fbx
  artifactKey: Guid(154eab61015a66e4681c692058ec7e7c) Importer(815301076,1909f56bfc062723c751e8b465ee728b)
Start importing Assets/Animations/Animations/Movment Animations/run backwards.fbx using Guid(154eab61015a66e4681c692058ec7e7c) Importer(815301076,1909f56bfc062723c751e8b465ee728b) [PhysX] Initialized MultithreadedTaskDispatcher with 16 workers.
 -> (artifact id: '03bb9ef421ea1cb27bce2c9c56998753') in 0.003560 seconds
Number of updated asset objects reloaded before import = 0
Number of asset objects unloaded after import = 137
========================================================================
Received Import Request.
  Time since last request: 1.330992 seconds.
  path: Assets/Animations/Animations/Movment Animations/Humanoid Run Backwards.anim
  artifactKey: Guid(c41891a7de6b972488d3380bba899e52) Importer(815301076,1909f56bfc062723c751e8b465ee728b)
Start importing Assets/Animations/Animations/Movment Animations/Humanoid Run Backwards.anim using Guid(c41891a7de6b972488d3380bba899e52) Importer(815301076,1909f56bfc062723c751e8b465ee728b) [PhysX] Initialized MultithreadedTaskDispatcher with 16 workers.
 -> (artifact id: '9bbf6b2ccb978fc0f72ee50c600eb94e') in 0.004088 seconds
Number of updated asset objects reloaded before import = 0
Number of asset objects unloaded after import = 1
========================================================================
Received Import Request.
  Time since last request: 17.505485 seconds.
  path: Assets/Animations/Animations/Movment Animations/strafe.fbx
  artifactKey: Guid(d4c3b6e39f5a1ed4491915fe5c8e9dd2) Importer(815301076,1909f56bfc062723c751e8b465ee728b)
Start importing Assets/Animations/Animations/Movment Animations/strafe.fbx using Guid(d4c3b6e39f5a1ed4491915fe5c8e9dd2) Importer(815301076,1909f56bfc062723c751e8b465ee728b) [PhysX] Initialized MultithreadedTaskDispatcher with 16 workers.
 -> (artifact id: 'd6639c470aad79771bc7d717e594b1c6') in 0.003074 seconds
Number of updated asset objects reloaded before import = 0
Number of asset objects unloaded after import = 137
========================================================================
Received Import Request.
  Time since last request: 40.864283 seconds.
  path: Assets/Animations/Animations/Movment Animations/strafe.fbx
  artifactKey: Guid(d4c3b6e39f5a1ed4491915fe5c8e9dd2) Importer(815301076,1909f56bfc062723c751e8b465ee728b)
Start importing Assets/Animations/Animations/Movment Animations/strafe.fbx using Guid(d4c3b6e39f5a1ed4491915fe5c8e9dd2) Importer(815301076,1909f56bfc062723c751e8b465ee728b) [PhysX] Initialized MultithreadedTaskDispatcher with 16 workers.
 -> (artifact id: '32d0e0761efaac5945dc2d213cb7bb92') in 0.002862 seconds
Number of updated asset objects reloaded before import = 0
Number of asset objects unloaded after import = 137
========================================================================
Received Import Request.
  Time since last request: 2.018224 seconds.
  path: Assets/Animations/Animations/Movment Animations/Humanoid Strafe.anim
  artifactKey: Guid(b5ba6312a22cdb2478fcb5b0f7127271) Importer(815301076,1909f56bfc062723c751e8b465ee728b)
Start importing Assets/Animations/Animations/Movment Animations/Humanoid Strafe.anim using Guid(b5ba6312a22cdb2478fcb5b0f7127271) Importer(815301076,1909f56bfc062723c751e8b465ee728b) [PhysX] Initialized MultithreadedTaskDispatcher with 16 workers.
 -> (artifact id: '0bb27b4b74930decc265c5142d912677') in 0.003988 seconds
Number of updated asset objects reloaded before import = 0
Number of asset objects unloaded after import = 1
========================================================================
Received Import Request.
  Time since last request: 13.236881 seconds.
  path: Assets/Animations/Animations/Movment Animations/strafe (2).fbx
  artifactKey: Guid(fa85b2c7e89e97b44a41d9b321b62b03) Importer(815301076,1909f56bfc062723c751e8b465ee728b)
Start importing Assets/Animations/Animations/Movment Animations/strafe (2).fbx using Guid(fa85b2c7e89e97b44a41d9b321b62b03) Importer(815301076,1909f56bfc062723c751e8b465ee728b) [PhysX] Initialized MultithreadedTaskDispatcher with 16 workers.
 -> (artifact id: '1af47cc02f3d9383b0edb1e47f5e8c3a') in 0.003115 seconds
Number of updated asset objects reloaded before import = 0
Number of asset objects unloaded after import = 137
========================================================================
Received Import Request.
  Time since last request: 22.137239 seconds.
  path: Assets/Animations/Animations/Movment Animations/strafe (2).fbx
  artifactKey: Guid(fa85b2c7e89e97b44a41d9b321b62b03) Importer(815301076,1909f56bfc062723c751e8b465ee728b)
Start importing Assets/Animations/Animations/Movment Animations/strafe (2).fbx using Guid(fa85b2c7e89e97b44a41d9b321b62b03) Importer(815301076,1909f56bfc062723c751e8b465ee728b) [PhysX] Initialized MultithreadedTaskDispatcher with 16 workers.
 -> (artifact id: '103ad0306b1139b8d5e77e71a086e605') in 0.002955 seconds
Number of updated asset objects reloaded before import = 0
Number of asset objects unloaded after import = 137
========================================================================
Received Import Request.
  Time since last request: 1.168425 seconds.
  path: Assets/Animations/Animations/Movment Animations/Humanoid Strafe Backwards.anim
  artifactKey: Guid(74894fd5010fe71469e5986546826472) Importer(815301076,1909f56bfc062723c751e8b465ee728b)
Start importing Assets/Animations/Animations/Movment Animations/Humanoid Strafe Backwards.anim using Guid(74894fd5010fe71469e5986546826472) Importer(815301076,1909f56bfc062723c751e8b465ee728b) [PhysX] Initialized MultithreadedTaskDispatcher with 16 workers.
 -> (artifact id: '20da01e66cd6eb71d0db87e2e4544690') in 0.003809 seconds
Number of updated asset objects reloaded before import = 0
Number of asset objects unloaded after import = 1
========================================================================
Received Import Request.
  Time since last request: 9.121483 seconds.
  path: Assets/Animations/Animations/Movment Animations/strafe left.fbx
  artifactKey: Guid(8fdbf670e4599fb418c3313fe9ec3fb5) Importer(815301076,1909f56bfc062723c751e8b465ee728b)
Start importing Assets/Animations/Animations/Movment Animations/strafe left.fbx using Guid(8fdbf670e4599fb418c3313fe9ec3fb5) Importer(815301076,1909f56bfc062723c751e8b465ee728b) [PhysX] Initialized MultithreadedTaskDispatcher with 16 workers.
 -> (artifact id: '9b9d8f0bd1727bdb4a4d1ccc8c57a600') in 0.002955 seconds
Number of updated asset objects reloaded before import = 0
Number of asset objects unloaded after import = 137
========================================================================
Received Import Request.
  Time since last request: 36.633720 seconds.
  path: Assets/Animations/Animations/Movment Animations/strafe left.fbx
  artifactKey: Guid(8fdbf670e4599fb418c3313fe9ec3fb5) Importer(815301076,1909f56bfc062723c751e8b465ee728b)
Start importing Assets/Animations/Animations/Movment Animations/strafe left.fbx using Guid(8fdbf670e4599fb418c3313fe9ec3fb5) Importer(815301076,1909f56bfc062723c751e8b465ee728b) [PhysX] Initialized MultithreadedTaskDispatcher with 16 workers.
 -> (artifact id: 'b644efbb2687c5f0f4473e74bf5b7b4e') in 0.002949 seconds
Number of updated asset objects reloaded before import = 0
Number of asset objects unloaded after import = 137
========================================================================
Received Import Request.
  Time since last request: 1.136770 seconds.
  path: Assets/Animations/Animations/Movment Animations/Humanoid Strafe Left.anim
  artifactKey: Guid(68e38673df821ae4b8ff824e0091e151) Importer(815301076,1909f56bfc062723c751e8b465ee728b)
Start importing Assets/Animations/Animations/Movment Animations/Humanoid Strafe Left.anim using Guid(68e38673df821ae4b8ff824e0091e151) Importer(815301076,1909f56bfc062723c751e8b465ee728b) [PhysX] Initialized MultithreadedTaskDispatcher with 16 workers.
 -> (artifact id: '3a25fa105150ad3db0c7a66b5fc28319') in 0.005192 seconds
Number of updated asset objects reloaded before import = 0
Number of asset objects unloaded after import = 1
========================================================================
Received Import Request.
  Time since last request: 36.428562 seconds.
  path: Assets/Animations/Animations/Movment Animations/strafe right.fbx
  artifactKey: Guid(04fd7869a1e9a5640abc197e42e55c97) Importer(815301076,1909f56bfc062723c751e8b465ee728b)
Start importing Assets/Animations/Animations/Movment Animations/strafe right.fbx using Guid(04fd7869a1e9a5640abc197e42e55c97) Importer(815301076,1909f56bfc062723c751e8b465ee728b) [PhysX] Initialized MultithreadedTaskDispatcher with 16 workers.
 -> (artifact id: '47d9317dc21a74ee4de5733a5937c8e5') in 0.003085 seconds
Number of updated asset objects reloaded before import = 0
Number of asset objects unloaded after import = 137
========================================================================
Received Import Request.
  Time since last request: 17.951682 seconds.
  path: Assets/Animations/Animations/Movment Animations/strafe right.fbx
  artifactKey: Guid(04fd7869a1e9a5640abc197e42e55c97) Importer(815301076,1909f56bfc062723c751e8b465ee728b)
Start importing Assets/Animations/Animations/Movment Animations/strafe right.fbx using Guid(04fd7869a1e9a5640abc197e42e55c97) Importer(815301076,1909f56bfc062723c751e8b465ee728b) [PhysX] Initialized MultithreadedTaskDispatcher with 16 workers.
 -> (artifact id: '9498e7a43182bd84d7131ab1d859bcb9') in 0.002939 seconds
Number of updated asset objects reloaded before import = 0
Number of asset objects unloaded after import = 137
========================================================================
Received Import Request.
  Time since last request: 1.143478 seconds.
  path: Assets/Animations/Animations/Movment Animations/Humanoid Strafe Right.anim
  artifactKey: Guid(7f886f5434f34854c89ec2025278853c) Importer(815301076,1909f56bfc062723c751e8b465ee728b)
Start importing Assets/Animations/Animations/Movment Animations/Humanoid Strafe Right.anim using Guid(7f886f5434f34854c89ec2025278853c) Importer(815301076,1909f56bfc062723c751e8b465ee728b) [PhysX] Initialized MultithreadedTaskDispatcher with 16 workers.
 -> (artifact id: 'b297de8d8e22b9f1bb2d3319e8459da8') in 0.005498 seconds
Number of updated asset objects reloaded before import = 0
Number of asset objects unloaded after import = 1
========================================================================
Received Import Request.
  Time since last request: 9.372605 seconds.
  path: Assets/Animations/Animations/Movment Animations/toss grenade.fbx
  artifactKey: Guid(a563a2c4b0b08d74fbf9eb138bf7c0da) Importer(815301076,1909f56bfc062723c751e8b465ee728b)
Start importing Assets/Animations/Animations/Movment Animations/toss grenade.fbx using Guid(a563a2c4b0b08d74fbf9eb138bf7c0da) Importer(815301076,1909f56bfc062723c751e8b465ee728b) [PhysX] Initialized MultithreadedTaskDispatcher with 16 workers.
 -> (artifact id: 'a03b53236bc7463cf2e0bd0e81af9f6e') in 0.003909 seconds
Number of updated asset objects reloaded before import = 0
Number of asset objects unloaded after import = 137
========================================================================
Received Import Request.
  Time since last request: 24.039483 seconds.
  path: Assets/Animations/Animations/Movment Animations/toss grenade.fbx
  artifactKey: Guid(a563a2c4b0b08d74fbf9eb138bf7c0da) Importer(815301076,1909f56bfc062723c751e8b465ee728b)
Start importing Assets/Animations/Animations/Movment Animations/toss grenade.fbx using Guid(a563a2c4b0b08d74fbf9eb138bf7c0da) Importer(815301076,1909f56bfc062723c751e8b465ee728b) [PhysX] Initialized MultithreadedTaskDispatcher with 16 workers.
 -> (artifact id: 'de6dab9bc661798c67034057558041d3') in 0.003112 seconds
Number of updated asset objects reloaded before import = 0
Number of asset objects unloaded after import = 137
========================================================================
Received Import Request.
  Time since last request: 4.736810 seconds.
  path: Assets/Animations/Animations/Movment Animations/Humanoid Toss Grenade.anim
  artifactKey: Guid(826fae7a188c5394cb934b0238b335ad) Importer(815301076,1909f56bfc062723c751e8b465ee728b)
Start importing Assets/Animations/Animations/Movment Animations/Humanoid Toss Grenade.anim using Guid(826fae7a188c5394cb934b0238b335ad) Importer(815301076,1909f56bfc062723c751e8b465ee728b) [PhysX] Initialized MultithreadedTaskDispatcher with 16 workers.
 -> (artifact id: '0e9d4f3b406a87f3da74218907e38369') in 0.013349 seconds
Number of updated asset objects reloaded before import = 0
Number of asset objects unloaded after import = 1
========================================================================
Received Import Request.
  Time since last request: 39.256205 seconds.
  path: Assets/Animations/Animations/Movment Animations/turn left.fbx
  artifactKey: Guid(9f96499fb81398b44b88174566f68d6f) Importer(815301076,1909f56bfc062723c751e8b465ee728b)
Start importing Assets/Animations/Animations/Movment Animations/turn left.fbx using Guid(9f96499fb81398b44b88174566f68d6f) Importer(815301076,1909f56bfc062723c751e8b465ee728b) [PhysX] Initialized MultithreadedTaskDispatcher with 16 workers.
 -> (artifact id: '5dc6c78c354542e5e04afafd9003328b') in 0.003126 seconds
Number of updated asset objects reloaded before import = 0
Number of asset objects unloaded after import = 137
========================================================================
Received Import Request.
  Time since last request: 53.810883 seconds.
  path: Assets/Animations/Animations/Movment Animations/turn left.fbx
  artifactKey: Guid(9f96499fb81398b44b88174566f68d6f) Importer(815301076,1909f56bfc062723c751e8b465ee728b)
Start importing Assets/Animations/Animations/Movment Animations/turn left.fbx using Guid(9f96499fb81398b44b88174566f68d6f) Importer(815301076,1909f56bfc062723c751e8b465ee728b) [PhysX] Initialized MultithreadedTaskDispatcher with 16 workers.
 -> (artifact id: '3ca17a364ef0be277a115ac69f40d40d') in 0.002972 seconds
Number of updated asset objects reloaded before import = 0
Number of asset objects unloaded after import = 137
========================================================================
Received Import Request.
  Time since last request: 5.885441 seconds.
  path: Assets/Animations/Animations/Movment Animations/Humanoid Turn Left.anim
  artifactKey: Guid(1f78491ae3800254ca3708f51aae96cd) Importer(815301076,1909f56bfc062723c751e8b465ee728b)
Start importing Assets/Animations/Animations/Movment Animations/Humanoid Turn Left.anim using Guid(1f78491ae3800254ca3708f51aae96cd) Importer(815301076,1909f56bfc062723c751e8b465ee728b) [PhysX] Initialized MultithreadedTaskDispatcher with 16 workers.
 -> (artifact id: '71be5a4371686d78c7b17ebe4bfd352d') in 0.003230 seconds
Number of updated asset objects reloaded before import = 0
Number of asset objects unloaded after import = 1
========================================================================
Received Import Request.
  Time since last request: 260.755672 seconds.
  path: Assets/Animations/Animations/Movment Animations/turning right 45 degrees.fbx
  artifactKey: Guid(daa17921702167b4db8c0bb525726254) Importer(815301076,1909f56bfc062723c751e8b465ee728b)
Start importing Assets/Animations/Animations/Movment Animations/turning right 45 degrees.fbx using Guid(daa17921702167b4db8c0bb525726254) Importer(815301076,1909f56bfc062723c751e8b465ee728b) [PhysX] Initialized MultithreadedTaskDispatcher with 16 workers.
 -> (artifact id: 'bc62b3597d1dea92d87e3a2c8d9a7c28') in 0.003846 seconds
Number of updated asset objects reloaded before import = 0
Number of asset objects unloaded after import = 135
========================================================================
Received Import Request.
  Time since last request: 1.123287 seconds.
  path: Assets/Animations/Animations/Movment Animations/Humanoid Turing right 45 Degress.anim
  artifactKey: Guid(bcfafb7cee121f84cb972eb105429849) Importer(815301076,1909f56bfc062723c751e8b465ee728b)
Start importing Assets/Animations/Animations/Movment Animations/Humanoid Turing right 45 Degress.anim using Guid(bcfafb7cee121f84cb972eb105429849) Importer(815301076,1909f56bfc062723c751e8b465ee728b) [PhysX] Initialized MultithreadedTaskDispatcher with 16 workers.
 -> (artifact id: '97b833b444c576e21ba668830e38f1f2') in 0.002557 seconds
Number of updated asset objects reloaded before import = 0
Number of asset objects unloaded after import = 1
========================================================================
Received Import Request.
  Time since last request: 180.745528 seconds.
  path: Assets/Animations/Animations/Movment Animations/walking.fbx
  artifactKey: Guid(d8052ca4342434144bed28723bb6329c) Importer(815301076,1909f56bfc062723c751e8b465ee728b)
Start importing Assets/Animations/Animations/Movment Animations/walking.fbx using Guid(d8052ca4342434144bed28723bb6329c) Importer(815301076,1909f56bfc062723c751e8b465ee728b) [PhysX] Initialized MultithreadedTaskDispatcher with 16 workers.
 -> (artifact id: '1b4d2d27f003b4de854d1542837d6d86') in 0.003969 seconds
Number of updated asset objects reloaded before import = 0
Number of asset objects unloaded after import = 135
========================================================================
Received Import Request.
  Time since last request: 3.517284 seconds.
  path: Assets/Animations/Animations/Movment Animations/walking.fbx
  artifactKey: Guid(d8052ca4342434144bed28723bb6329c) Importer(815301076,1909f56bfc062723c751e8b465ee728b)
Start importing Assets/Animations/Animations/Movment Animations/walking.fbx using Guid(d8052ca4342434144bed28723bb6329c) Importer(815301076,1909f56bfc062723c751e8b465ee728b) [PhysX] Initialized MultithreadedTaskDispatcher with 16 workers.
 -> (artifact id: '82341667dfd54335279abe7ea934f341') in 0.003049 seconds
Number of updated asset objects reloaded before import = 0
Number of asset objects unloaded after import = 137
========================================================================
Received Import Request.
  Time since last request: 8.770446 seconds.
  path: Assets/Animations/Animations/Movment Animations/Humanoid Firing Rifle.anim
  artifactKey: Guid(d8f15d337c1ef834fa5fe9fef31f570c) Importer(815301076,1909f56bfc062723c751e8b465ee728b)
Start importing Assets/Animations/Animations/Movment Animations/Humanoid Firing Rifle.anim using Guid(d8f15d337c1ef834fa5fe9fef31f570c) Importer(815301076,1909f56bfc062723c751e8b465ee728b) [PhysX] Initialized MultithreadedTaskDispatcher with 16 workers.
 -> (artifact id: 'c8c4c93f4f5526ee1ae0c2a9bc01834c') in 0.002739 seconds
Number of updated asset objects reloaded before import = 0
Number of asset objects unloaded after import = 1
========================================================================
Received Import Request.
  Time since last request: 0.417585 seconds.
  path: Assets/Animations/Animations/Movment Animations/Humanoid Hit Reaction.anim
  artifactKey: Guid(caaf1a5ccfd7e624f8d96879e2ad2543) Importer(815301076,1909f56bfc062723c751e8b465ee728b)
Start importing Assets/Animations/Animations/Movment Animations/Humanoid Hit Reaction.anim using Guid(caaf1a5ccfd7e624f8d96879e2ad2543) Importer(815301076,1909f56bfc062723c751e8b465ee728b) [PhysX] Initialized MultithreadedTaskDispatcher with 16 workers.
 -> (artifact id: '1a23b159abd1c6b9ac12019ae3bb8b24') in 0.003876 seconds
Number of updated asset objects reloaded before import = 0
Number of asset objects unloaded after import = 1
========================================================================
Received Import Request.
  Time since last request: 0.444389 seconds.
  path: Assets/Animations/Animations/Movment Animations/Humanoid Reloading.anim
  artifactKey: Guid(ec8e7a18de675cc45b59d449652a14fe) Importer(815301076,1909f56bfc062723c751e8b465ee728b)
Start importing Assets/Animations/Animations/Movment Animations/Humanoid Reloading.anim using Guid(ec8e7a18de675cc45b59d449652a14fe) Importer(815301076,1909f56bfc062723c751e8b465ee728b) [PhysX] Initialized MultithreadedTaskDispatcher with 16 workers.
 -> (artifact id: '3f25af165f0bc3ad6093a0f43fb7707e') in 0.013176 seconds
Number of updated asset objects reloaded before import = 0
Number of asset objects unloaded after import = 1
========================================================================
Received Import Request.
  Time since last request: 1.202785 seconds.
  path: Assets/Animations/Animations/Movment Animations/Humanoid Rifle Aiming.anim
  artifactKey: Guid(5945b32f5a9270a44970425545746090) Importer(815301076,1909f56bfc062723c751e8b465ee728b)
Start importing Assets/Animations/Animations/Movment Animations/Humanoid Rifle Aiming.anim using Guid(5945b32f5a9270a44970425545746090) Importer(815301076,1909f56bfc062723c751e8b465ee728b) [PhysX] Initialized MultithreadedTaskDispatcher with 16 workers.
 -> (artifact id: '6fc7da42f60861b3f1d535b8f697f0fa') in 0.004071 seconds
Number of updated asset objects reloaded before import = 0
Number of asset objects unloaded after import = 1
========================================================================
Received Import Request.
  Time since last request: 0.454492 seconds.
  path: Assets/Animations/Animations/Movment Animations/Humanoid Rifle Jump.anim
  artifactKey: Guid(bde31981fc72e3943a4b757f2d69dd0a) Importer(815301076,1909f56bfc062723c751e8b465ee728b)
Start importing Assets/Animations/Animations/Movment Animations/Humanoid Rifle Jump.anim using Guid(bde31981fc72e3943a4b757f2d69dd0a) Importer(815301076,1909f56bfc062723c751e8b465ee728b) [PhysX] Initialized MultithreadedTaskDispatcher with 16 workers.
 -> (artifact id: '4fdcdbb1232e850201b69f180dbd6d85') in 0.003752 seconds
Number of updated asset objects reloaded before import = 0
Number of asset objects unloaded after import = 1
========================================================================
Received Import Request.
  Time since last request: 0.263291 seconds.
  path: Assets/Animations/Animations/Movment Animations/Humanoid Rifle Run.anim
  artifactKey: Guid(875d612c1e40e304bbdcd3b204b65c29) Importer(815301076,1909f56bfc062723c751e8b465ee728b)
Start importing Assets/Animations/Animations/Movment Animations/Humanoid Rifle Run.anim using Guid(875d612c1e40e304bbdcd3b204b65c29) Importer(815301076,1909f56bfc062723c751e8b465ee728b) [PhysX] Initialized MultithreadedTaskDispatcher with 16 workers.
 -> (artifact id: '70825460fa2d421eb0c83a8895f4aad0') in 0.004901 seconds
Number of updated asset objects reloaded before import = 0
Number of asset objects unloaded after import = 1
========================================================================
Received Import Request.
  Time since last request: 0.217383 seconds.
  path: Assets/Animations/Animations/Movment Animations/Humanoid Run Backwards.anim
  artifactKey: Guid(c41891a7de6b972488d3380bba899e52) Importer(815301076,1909f56bfc062723c751e8b465ee728b)
Start importing Assets/Animations/Animations/Movment Animations/Humanoid Run Backwards.anim using Guid(c41891a7de6b972488d3380bba899e52) Importer(815301076,1909f56bfc062723c751e8b465ee728b) [PhysX] Initialized MultithreadedTaskDispatcher with 16 workers.
 -> (artifact id: '013154d41b4e24e2bf81c3dec5c4807a') in 0.004498 seconds
Number of updated asset objects reloaded before import = 0
Number of asset objects unloaded after import = 1
========================================================================
Received Import Request.
  Time since last request: 0.171754 seconds.
  path: Assets/Animations/Animations/Movment Animations/Humanoid Strafe.anim
  artifactKey: Guid(b5ba6312a22cdb2478fcb5b0f7127271) Importer(815301076,1909f56bfc062723c751e8b465ee728b)
Start importing Assets/Animations/Animations/Movment Animations/Humanoid Strafe.anim using Guid(b5ba6312a22cdb2478fcb5b0f7127271) Importer(815301076,1909f56bfc062723c751e8b465ee728b) [PhysX] Initialized MultithreadedTaskDispatcher with 16 workers.
 -> (artifact id: '9bc7470255fffa866ba1cdaa6144f3db') in 0.004228 seconds
Number of updated asset objects reloaded before import = 0
Number of asset objects unloaded after import = 1
========================================================================
Received Import Request.
  Time since last request: 46.597955 seconds.
  path: Assets/Animations/Animations/Movment Animations/Humanoid Strafe Backwards.anim
  artifactKey: Guid(74894fd5010fe71469e5986546826472) Importer(815301076,1909f56bfc062723c751e8b465ee728b)
Start importing Assets/Animations/Animations/Movment Animations/Humanoid Strafe Backwards.anim using Guid(74894fd5010fe71469e5986546826472) Importer(815301076,1909f56bfc062723c751e8b465ee728b) [PhysX] Initialized MultithreadedTaskDispatcher with 16 workers.
 -> (artifact id: 'e8cc6f5e190cc3c038a7b56a65e14a86') in 0.004005 seconds
Number of updated asset objects reloaded before import = 0
Number of asset objects unloaded after import = 1
========================================================================
Received Import Request.
  Time since last request: 0.308144 seconds.
  path: Assets/Animations/Animations/Movment Animations/Humanoid Strafe Left.anim
  artifactKey: Guid(68e38673df821ae4b8ff824e0091e151) Importer(815301076,1909f56bfc062723c751e8b465ee728b)
Start importing Assets/Animations/Animations/Movment Animations/Humanoid Strafe Left.anim using Guid(68e38673df821ae4b8ff824e0091e151) Importer(815301076,1909f56bfc062723c751e8b465ee728b) [PhysX] Initialized MultithreadedTaskDispatcher with 16 workers.
 -> (artifact id: '9366cc32b24190e32535c287406fe4f6') in 0.005530 seconds
Number of updated asset objects reloaded before import = 0
Number of asset objects unloaded after import = 1
========================================================================
Received Import Request.
  Time since last request: 12.032107 seconds.
  path: Assets/Animations/Animations/Movment Animations/Humanoid Walking.anim
  artifactKey: Guid(04d9a38539141ee498be6f299ac9c913) Importer(815301076,1909f56bfc062723c751e8b465ee728b)
Start importing Assets/Animations/Animations/Movment Animations/Humanoid Walking.anim using Guid(04d9a38539141ee498be6f299ac9c913) Importer(815301076,1909f56bfc062723c751e8b465ee728b) [PhysX] Initialized MultithreadedTaskDispatcher with 16 workers.
 -> (artifact id: '36bd55065914fe86a7561c7fb15368d8') in 0.004943 seconds
Number of updated asset objects reloaded before import = 0
Number of asset objects unloaded after import = 1
========================================================================
Received Import Request.
  Time since last request: 7.710389 seconds.
  path: Assets/Animations/Animations/Movment Animations/walking backwards.fbx
  artifactKey: Guid(06acc0b723e8bcc4fb9134823eafa6f5) Importer(815301076,1909f56bfc062723c751e8b465ee728b)
Start importing Assets/Animations/Animations/Movment Animations/walking backwards.fbx using Guid(06acc0b723e8bcc4fb9134823eafa6f5) Importer(815301076,1909f56bfc062723c751e8b465ee728b) [PhysX] Initialized MultithreadedTaskDispatcher with 16 workers.
 -> (artifact id: 'd9c33c4b86bb0281ee64e9cd2f43743f') in 0.004503 seconds
Number of updated asset objects reloaded before import = 0
Number of asset objects unloaded after import = 137
========================================================================
Received Import Request.
  Time since last request: 14.117634 seconds.
  path: Assets/Animations/Animations/Movment Animations/walking backwards.fbx
  artifactKey: Guid(06acc0b723e8bcc4fb9134823eafa6f5) Importer(815301076,1909f56bfc062723c751e8b465ee728b)
Start importing Assets/Animations/Animations/Movment Animations/walking backwards.fbx using Guid(06acc0b723e8bcc4fb9134823eafa6f5) Importer(815301076,1909f56bfc062723c751e8b465ee728b) [PhysX] Initialized MultithreadedTaskDispatcher with 16 workers.
 -> (artifact id: 'c594b7792fc131d3e59d38254ed99f1c') in 0.003186 seconds
Number of updated asset objects reloaded before import = 0
Number of asset objects unloaded after import = 137
========================================================================
Received Prepare
Caller must complete domain reload
Begin MonoManager ReloadAssembly
- Loaded All Assemblies, in  0.375 seconds
Native extension for WindowsStandalone target not found
Native extension for Android target not found
Mono: successfully reloaded assembly
- Finished resetting the current domain, in  0.868 seconds
Domain Reload Profiling: 1240ms
	BeginReloadAssembly (121ms)
		ExecutionOrderSort (0ms)
		DisableScriptedObjects (3ms)
		BackupInstance (0ms)
		ReleaseScriptingObjects (0ms)
		CreateAndSetChildDomain (28ms)
	RebuildCommonClasses (23ms)
	RebuildNativeTypeToScriptingClass (8ms)
	initialDomainReloadingComplete (23ms)
	LoadAllAssembliesAndSetupDomain (197ms)
		LoadAssemblies (249ms)
		RebuildTransferFunctionScriptingTraits (0ms)
		AnalyzeDomain (11ms)
			TypeCache.Refresh (5ms)
				TypeCache.ScanAssembly (0ms)
			ScanForSourceGeneratedMonoScriptInfo (0ms)
			ResolveRequiredComponents (5ms)
	FinalizeReload (868ms)
		ReleaseScriptCaches (0ms)
		RebuildScriptCaches (0ms)
		SetupLoadedEditorAssemblies (529ms)
			LogAssemblyErrors (0ms)
			InitializePlatformSupportModulesInManaged (17ms)
			SetLoadedEditorAssemblies (4ms)
			RefreshPlugins (0ms)
			BeforeProcessingInitializeOnLoad (80ms)
			ProcessInitializeOnLoadAttributes (355ms)
			ProcessInitializeOnLoadMethodAttributes (65ms)
			AfterProcessingInitializeOnLoad (6ms)
			EditorAssembliesLoaded (0ms)
		ExecutionOrderSort2 (0ms)
		AwakeInstancesAfterBackupRestoration (5ms)
Refreshing native plugins compatible for Editor in 2.87 ms, found 3 plugins.
Preloading 0 native plugins for Editor in 0.00 ms.
Unloading 3422 Unused Serialized files (Serialized files now loaded: 0)
Unloading 27 unused Assets / (1.8 MB). Loaded Objects now: 3949.
Memory consumption went from 137.3 MB to 135.4 MB.
Total: 2.406400 ms (FindLiveObjects: 0.170500 ms CreateObjectMapping: 0.071700 ms MarkObjects: 1.980000 ms  DeleteObjects: 0.183500 ms)

Prepare: number of updated asset objects reloaded= 0
AssetImportParameters requested are different than current active one (requested -> active):
  custom:container-demuxer-ogg: 62fdf1f143b41e24485cea50d1cbac27 -> 
  custom:video-decoder-ogg-theora: a1e56fd34408186e4bbccfd4996cb3dc -> 
  custom:framework-win-MediaFoundation: 216162199b28c13a410421893ffa2e32 -> 
  custom:CustomObjectIndexerAttribute: 9a22284fe3817be447336de3de66b15e -> 
  custom:container-demuxer-webm: 4f35f7cbe854078d1ac9338744f61a02 -> 
  custom:container-muxer-webm: aa71ff27fc2769a1b78a27578f13a17b -> 
  custom:video-decoder-webm-vp8: 9c59270c3fd7afecdb556c50c9e8de78 -> 
  custom:SearchIndexIgnoredProperties: e643bd26f0fe6173181afceb89e7c659 -> 
  custom:AudioImporter_EditorPlatform: d09bf68614088b80899f8185d706f6e7 -> 
  custom:video-encoder-webm-vp8: eb34c28f22e8b96e1ab97ce403110664 -> 
  custom:audio-decoder-ogg-vorbis: bf7c407c2cedff20999df2af8eb42d56 -> 
  custom:audio-encoder-webm-vorbis: bf7c407c2cedff20999df2af8eb42d56 -> 
========================================================================
Received Prepare
Caller must complete domain reload
Begin MonoManager ReloadAssembly
- Loaded All Assemblies, in  0.363 seconds
Native extension for WindowsStandalone target not found
Native extension for Android target not found
Mono: successfully reloaded assembly
- Finished resetting the current domain, in  0.860 seconds
Domain Reload Profiling: 1220ms
	BeginReloadAssembly (114ms)
		ExecutionOrderSort (0ms)
		DisableScriptedObjects (3ms)
		BackupInstance (0ms)
		ReleaseScriptingObjects (0ms)
		CreateAndSetChildDomain (24ms)
	RebuildCommonClasses (24ms)
	RebuildNativeTypeToScriptingClass (11ms)
	initialDomainReloadingComplete (23ms)
	LoadAllAssembliesAndSetupDomain (188ms)
		LoadAssemblies (240ms)
		RebuildTransferFunctionScriptingTraits (0ms)
		AnalyzeDomain (10ms)
			TypeCache.Refresh (5ms)
				TypeCache.ScanAssembly (0ms)
			ScanForSourceGeneratedMonoScriptInfo (0ms)
			ResolveRequiredComponents (5ms)
	FinalizeReload (860ms)
		ReleaseScriptCaches (0ms)
		RebuildScriptCaches (0ms)
		SetupLoadedEditorAssemblies (518ms)
			LogAssemblyErrors (0ms)
			InitializePlatformSupportModulesInManaged (16ms)
			SetLoadedEditorAssemblies (3ms)
			RefreshPlugins (0ms)
			BeforeProcessingInitializeOnLoad (79ms)
			ProcessInitializeOnLoadAttributes (350ms)
			ProcessInitializeOnLoadMethodAttributes (63ms)
			AfterProcessingInitializeOnLoad (6ms)
			EditorAssembliesLoaded (0ms)
		ExecutionOrderSort2 (0ms)
		AwakeInstancesAfterBackupRestoration (5ms)
Refreshing native plugins compatible for Editor in 3.00 ms, found 3 plugins.
Preloading 0 native plugins for Editor in 0.00 ms.
Unloading 3423 Unused Serialized files (Serialized files now loaded: 0)
Unloading 27 unused Assets / (1.8 MB). Loaded Objects now: 3964.
Memory consumption went from 137.5 MB to 135.7 MB.
Total: 2.490000 ms (FindLiveObjects: 0.181100 ms CreateObjectMapping: 0.085900 ms MarkObjects: 2.023700 ms  DeleteObjects: 0.198300 ms)

Prepare: number of updated asset objects reloaded= 0
AssetImportParameters requested are different than current active one (requested -> active):
  custom:container-demuxer-ogg: 62fdf1f143b41e24485cea50d1cbac27 -> 
  custom:video-decoder-ogg-theora: a1e56fd34408186e4bbccfd4996cb3dc -> 
  custom:framework-win-MediaFoundation: 216162199b28c13a410421893ffa2e32 -> 
  custom:CustomObjectIndexerAttribute: 9a22284fe3817be447336de3de66b15e -> 
  custom:container-demuxer-webm: 4f35f7cbe854078d1ac9338744f61a02 -> 
  custom:container-muxer-webm: aa71ff27fc2769a1b78a27578f13a17b -> 
  custom:video-decoder-webm-vp8: 9c59270c3fd7afecdb556c50c9e8de78 -> 
  custom:SearchIndexIgnoredProperties: e643bd26f0fe6173181afceb89e7c659 -> 
  custom:AudioImporter_EditorPlatform: d09bf68614088b80899f8185d706f6e7 -> 
  custom:video-encoder-webm-vp8: eb34c28f22e8b96e1ab97ce403110664 -> 
  custom:audio-decoder-ogg-vorbis: bf7c407c2cedff20999df2af8eb42d56 -> 
  custom:audio-encoder-webm-vorbis: bf7c407c2cedff20999df2af8eb42d56 -> 
